0 info it worked if it ends with ok
1 verbose cli [ '/usr/bin/nodejs', '/usr/bin/npm', 'install', 'serialport' ]
2 info using npm@1.4.21
3 info using node@v0.10.29
4 verbose cache add [ 'serialport', null ]
5 verbose cache add name=undefined spec="serialport" args=["serialport",null]
6 verbose parsed url { protocol: null,
6 verbose parsed url   slashes: null,
6 verbose parsed url   auth: null,
6 verbose parsed url   host: null,
6 verbose parsed url   port: null,
6 verbose parsed url   hostname: null,
6 verbose parsed url   hash: null,
6 verbose parsed url   search: null,
6 verbose parsed url   query: null,
6 verbose parsed url   pathname: 'serialport',
6 verbose parsed url   path: 'serialport',
6 verbose parsed url   href: 'serialport' }
7 silly lockFile de62b558-serialport serialport
8 verbose lock serialport /root/.npm/de62b558-serialport.lock
9 silly lockFile de62b558-serialport serialport
10 silly lockFile de62b558-serialport serialport
11 verbose addNamed [ 'serialport', '' ]
12 verbose addNamed [ null, '*' ]
13 silly lockFile 54883da9-serialport serialport@
14 verbose lock serialport@ /root/.npm/54883da9-serialport.lock
15 silly addNameRange { name: 'serialport', range: '*', hasData: false }
16 verbose request where is /serialport
17 verbose request registry https://registry.npmjs.org/
18 verbose request id bc57aab5ce582e8b
19 verbose url raw /serialport
20 verbose url resolving [ 'https://registry.npmjs.org/', './serialport' ]
21 verbose url resolved https://registry.npmjs.org/serialport
22 verbose request where is https://registry.npmjs.org/serialport
23 info trying registry request attempt 1 at 15:45:49
24 verbose etag W/"23da65c0f3e08787703cc1f1768eaed1"
25 http GET https://registry.npmjs.org/serialport
26 http 304 https://registry.npmjs.org/serialport
27 silly registry.get cb [ 304,
27 silly registry.get   { date: 'Mon, 07 Jan 2019 21:45:49 GMT',
27 silly registry.get     connection: 'keep-alive',
27 silly registry.get     'set-cookie': [ '__cfduid=d0e145b3962fd0380f2c73bb0ce48b6ec1546897549; expires=Tue, 07-Jan-20 21:45:49 GMT; path=/; domain=.registry.npmjs.org; HttpOnly' ],
27 silly registry.get     'cf-cache-status': 'HIT',
27 silly registry.get     'cache-control': 'max-age=300',
27 silly registry.get     'cf-ray': '49599d161eac5825-DFW',
27 silly registry.get     etag: '"23da65c0f3e08787703cc1f1768eaed1"',
27 silly registry.get     'expect-ct': 'max-age=604800, report-uri="https://report-uri.cloudflare.com/cdn-cgi/beacon/expect-ct"',
27 silly registry.get     'last-modified': 'Sat, 05 Jan 2019 11:19:54 GMT',
27 silly registry.get     vary: 'accept-encoding, accept',
27 silly registry.get     'x-amz-meta-rev': '364-376e58ab9551e48460256d3999fdfbcb',
27 silly registry.get     server: 'cloudflare' } ]
28 verbose etag https://registry.npmjs.org/serialport from cache
29 silly addNameRange number 2 { name: 'serialport', range: '*', hasData: true }
30 silly addNameRange versions [ 'serialport',
30 silly addNameRange   [ '0.1.0',
30 silly addNameRange     '0.1.1',
30 silly addNameRange     '0.1.3',
30 silly addNameRange     '0.2.0',
30 silly addNameRange     '0.2.2',
30 silly addNameRange     '0.2.3',
30 silly addNameRange     '0.2.4',
30 silly addNameRange     '0.2.5',
30 silly addNameRange     '0.2.6',
30 silly addNameRange     '0.2.7',
30 silly addNameRange     '0.2.8',
30 silly addNameRange     '0.2.9',
30 silly addNameRange     '0.3.0',
30 silly addNameRange     '0.6.0',
30 silly addNameRange     '0.6.1',
30 silly addNameRange     '0.6.2',
30 silly addNameRange     '0.6.3',
30 silly addNameRange     '0.6.5',
30 silly addNameRange     '0.6.6',
30 silly addNameRange     '0.6.7',
30 silly addNameRange     '0.7.0',
30 silly addNameRange     '0.7.1',
30 silly addNameRange     '0.7.2',
30 silly addNameRange     '0.7.3',
30 silly addNameRange     '0.7.4',
30 silly addNameRange     '0.7.5',
30 silly addNameRange     '1.0.0',
30 silly addNameRange     '1.0.1',
30 silly addNameRange     '1.0.2',
30 silly addNameRange     '1.0.3',
30 silly addNameRange     '1.0.4',
30 silly addNameRange     '1.0.5',
30 silly addNameRange     '1.0.6',
30 silly addNameRange     '1.0.7',
30 silly addNameRange     '1.0.8',
30 silly addNameRange     '1.1.0',
30 silly addNameRange     '1.1.1',
30 silly addNameRange     '1.1.3',
30 silly addNameRange     '1.2.0',
30 silly addNameRange     '1.2.1',
30 silly addNameRange     '1.2.2',
30 silly addNameRange     '1.2.3',
30 silly addNameRange     '1.2.4',
30 silly addNameRange     '1.2.5',
30 silly addNameRange     '1.3.0',
30 silly addNameRange     '1.3.1',
30 silly addNameRange     '1.4.0',
30 silly addNameRange     '1.4.1',
30 silly addNameRange     '1.4.2',
30 silly addNameRange     '1.4.5',
30 silly addNameRange     '1.4.6',
30 silly addNameRange     '1.4.8',
30 silly addNameRange     '1.4.9',
30 silly addNameRange     '1.4.10',
30 silly addNameRange     '1.5.0',
30 silly addNameRange     '1.6.1',
30 silly addNameRange     '1.6.2',
30 silly addNameRange     '1.6.3',
30 silly addNameRange     '1.7.0',
30 silly addNameRange     '1.7.1',
30 silly addNameRange     '1.7.3',
30 silly addNameRange     '1.7.4',
30 silly addNameRange     '2.0.0',
30 silly addNameRange     '2.0.1',
30 silly addNameRange     '2.0.2',
30 silly addNameRange     '2.0.3',
30 silly addNameRange     '2.0.4',
30 silly addNameRange     '2.0.5',
30 silly addNameRange     '2.0.6',
30 silly addNameRange     '2.0.7-beta1',
30 silly addNameRange     '2.0.7-beta2',
30 silly addNameRange     '2.0.7-beta3',
30 silly addNameRange     '2.0.7-beta4',
30 silly addNameRange     '2.0.7-beta5',
30 silly addNameRange     '2.1.0',
30 silly addNameRange     '2.1.1',
30 silly addNameRange     '2.1.2',
30 silly addNameRange     '3.0.0',
30 silly addNameRange     '3.0.1',
30 silly addNameRange     '3.1.0',
30 silly addNameRange     '3.1.1',
30 silly addNameRange     '3.1.2-beta1',
30 silly addNameRange     '3.1.2-beta2',
30 silly addNameRange     '3.1.2-beta3',
30 silly addNameRange     '3.1.2-beta5',
30 silly addNameRange     '3.1.2-beta6',
30 silly addNameRange     '3.1.2-beta7',
30 silly addNameRange     '3.1.2',
30 silly addNameRange     '3.2.0-beta1',
30 silly addNameRange     '4.0.0-beta1',
30 silly addNameRange     '4.0.0-beta2',
30 silly addNameRange     '4.0.0-beta3',
30 silly addNameRange     '4.0.0-beta4',
30 silly addNameRange     '4.0.0-rc1',
30 silly addNameRange     '4.0.0',
30 silly addNameRange     '4.0.1',
30 silly addNameRange     '5.0.0-beta1',
30 silly addNameRange     '4.0.2',
30 silly addNameRange     '4.0.3',
30 silly addNameRange     '5.0.0-beta2',
30 silly addNameRange     '4.0.4',
30 silly addNameRange     '4.0.5',
30 silly addNameRange     '4.0.6',
30 silly addNameRange     '4.0.7-beta1',
30 silly addNameRange     '4.0.7-beta3',
30 silly addNameRange     '4.0.7-beta4',
30 silly addNameRange     '4.0.7',
30 silly addNameRange     '5.0.0-beta3',
30 silly addNameRange     '5.0.0-beta4',
30 silly addNameRange     '5.0.0-beta5',
30 silly addNameRange     '5.0.0-beta6',
30 silly addNameRange     '5.0.0-beta7',
30 silly addNameRange     '5.0.0-beta8',
30 silly addNameRange     '5.0.0-beta9',
30 silly addNameRange     '5.0.0',
30 silly addNameRange     '5.1.0-beta5',
30 silly addNameRange     '6.0.0-beta1',
30 silly addNameRange     '6.0.0-beta2',
30 silly addNameRange     '6.0.0-beta3',
30 silly addNameRange     '6.0.0',
30 silly addNameRange     '6.0.1',
30 silly addNameRange     '6.0.3',
30 silly addNameRange     '6.0.4',
30 silly addNameRange     '6.0.5',
30 silly addNameRange     '6.1.0',
30 silly addNameRange     '6.1.1',
30 silly addNameRange     '6.2.0',
30 silly addNameRange     '6.2.1',
30 silly addNameRange     '6.2.2',
30 silly addNameRange     '7.0.1',
30 silly addNameRange     '7.0.2',
30 silly addNameRange     '7.1.0',
30 silly addNameRange     '7.1.1' ] ]
31 verbose addNamed [ 'serialport', '7.1.1' ]
32 verbose addNamed [ '7.1.1', '7.1.1' ]
33 silly lockFile dbea6dc4-serialport-7-1-1 serialport@7.1.1
34 verbose lock serialport@7.1.1 /root/.npm/dbea6dc4-serialport-7-1-1.lock
35 silly lockFile dbea6dc4-serialport-7-1-1 serialport@7.1.1
36 silly lockFile dbea6dc4-serialport-7-1-1 serialport@7.1.1
37 silly lockFile 54883da9-serialport serialport@
38 silly lockFile 54883da9-serialport serialport@
39 silly resolved [ { name: 'serialport',
39 silly resolved     version: '7.1.1',
39 silly resolved     description: 'Node.js package to access serial ports. Linux, OSX and Windows. Welcome your robotic JavaScript overlords. Better yet, program them!',
39 silly resolved     main: 'lib',
39 silly resolved     repository:
39 silly resolved      { type: 'git',
39 silly resolved        url: 'git://github.com/node-serialport/node-serialport.git' },
39 silly resolved     keywords:
39 silly resolved      [ 'ccTalk',
39 silly resolved        'com port',
39 silly resolved        'data logging',
39 silly resolved        'hardware',
39 silly resolved        'iot',
39 silly resolved        'johnny-five',
39 silly resolved        'modem',
39 silly resolved        'nodebots',
39 silly resolved        'RFID',
39 silly resolved        'robotics',
39 silly resolved        'sensor',
39 silly resolved        'serial port',
39 silly resolved        'serial',
39 silly resolved        'serialport',
39 silly resolved        'sms gateway',
39 silly resolved        'sms',
39 silly resolved        'stream',
39 silly resolved        'tty',
39 silly resolved        'UART' ],
39 silly resolved     maintainers: [ [Object], [Object], [Object] ],
39 silly resolved     dependencies:
39 silly resolved      { '@serialport/binding-mock': '^2.0.3',
39 silly resolved        '@serialport/bindings': '^2.0.4',
39 silly resolved        '@serialport/parser-byte-length': '^2.0.2',
39 silly resolved        '@serialport/parser-cctalk': '^2.0.2',
39 silly resolved        '@serialport/parser-delimiter': '^2.0.2',
39 silly resolved        '@serialport/parser-readline': '^2.0.2',
39 silly resolved        '@serialport/parser-ready': '^2.0.2',
39 silly resolved        '@serialport/parser-regex': '^2.0.2',
39 silly resolved        '@serialport/stream': '^2.0.3',
39 silly resolved        debug: '^4.1.0' },
39 silly resolved     engines: { node: '>=6.0.0' },
39 silly resolved     license: 'MIT',
39 silly resolved     scripts: { repl: 'node bin/repl.js' },
39 silly resolved     gitHead: 'a7638c064995daf944d09222defbcc6becf9454c',
39 silly resolved     bugs: { url: 'https://github.com/node-serialport/node-serialport/issues' },
39 silly resolved     homepage: 'https://github.com/node-serialport/node-serialport#readme',
39 silly resolved     _id: 'serialport@7.1.1',
39 silly resolved     _npmVersion: '5.6.0',
39 silly resolved     _nodeVersion: '8.11.3',
39 silly resolved     _npmUser: { name: 'hipsterbrown', email: 'headhipster@hipsterbrown.com' },
39 silly resolved     dist:
39 silly resolved      { integrity: 'sha512-3cAiDgdy3MD1Zr3QoHdnq6qbPAYABAPo+sFOv2FzXme44Pu88Gnf4f2Z0F1qYt+sGUZYX8RcwgUUp2tDnYXHKw==',
39 silly resolved        shasum: 'fd0360632c69273b911d2ef1cb6004b5314085c2',
39 silly resolved        tarball: 'https://registry.npmjs.org/serialport/-/serialport-7.1.1.tgz',
39 silly resolved        fileCount: 7,
39 silly resolved        unpackedSize: 38755,
39 silly resolved        'npm-signature': '-----BEGIN PGP SIGNATURE-----\r\nVersion: OpenPGP.js v3.0.4\r\nComment: https://openpgpjs.org\r\n\r\nwsFcBAEBCAAQBQJcGos/CRA9TVsSAnZWagAArMQP/jhzkcyEdr3Wk8nz4OUQ\nt6zmIW/aSAjmag3qRCOjYg52egVi3K2j9vAycQ2ktoUGhAnu9m8PCNoUkJ4V\nqLT7gEL/uOcIZUo8hziuuD4NdUDd79HdlmVtuV50wkE8bda5fxprCvVUMUD5\nz+HvBGsdwbTCNAQKGZsnnigKpMEKpFwmn37vfMvvNwIruupTKRuKfNme8yBV\nAzREa4I/QamUw//yeI2K0BCRwGxZxmGk9XtR4YGhg1QA+ylWdqvZg+EzXf9y\n+Qcw5urGe9N8fQUDSMV8aAvMGtsU0Gg5j007+oPBOtlkOT3ReZnyFo8M70C5\n2ZVWXQdMEwRa894A5KPh2IiddPvcc5HaBs+2QQlNBNFK9HPiqwalApZENha3\nA39nQzvkaQFf39G98WSwYpaodQrXxzAx38teEtuQvaJReGnBrpGqz5/FulZH\n5MQRrKyxv29M28//EkEwrNa6C+r5MXXQafgtEVC4BytT3hQh04k41XK7fZxE\n6Yt81JpqKJJC3wGiBXhF7gNOfpvO5H8zb6VIbkv0QJKYo/YeaFG62X2RmDWb\nnROPqHvToHQMkcJTX0vCr04VCE93U9D10QThwi1vFnrwgOUProrNRUU+/BSq\nqlkBxnC1sUH0NoxJqg+DJUQKt6MJOCOtR9NmNBc0U97ro8FCjRjAD6GMUBfW\nKmkd\r\n=wF1h\r\n-----END PGP SIGNATURE-----\r\n' },
39 silly resolved     directories: {},
39 silly resolved     _npmOperationalInternal:
39 silly resolved      { host: 's3://npm-registry-packages',
39 silly resolved        tmp: 'tmp/serialport_7.1.1_1545243454211_0.37187899451168915' },
39 silly resolved     _hasShrinkwrap: false,
39 silly resolved     _shasum: 'fd0360632c69273b911d2ef1cb6004b5314085c2',
39 silly resolved     _from: 'serialport@',
39 silly resolved     _resolved: 'https://registry.npmjs.org/serialport/-/serialport-7.1.1.tgz',
39 silly resolved     readme: 'ERROR: No README data found!' } ]
40 info install serialport@7.1.1 into /home/pi/projects
41 info installOne serialport@7.1.1
42 warn engine serialport@7.1.1: wanted: {"node":">=6.0.0"} (current: {"node":"0.10.29","npm":"1.4.21"})
43 verbose node_modules/serialport unbuild
44 verbose tar unpack /root/.npm/serialport/7.1.1/package.tgz
45 silly lockFile 3ae71514-projects-node-modules-serialport tar:///home/pi/projects/node_modules/serialport
46 verbose lock tar:///home/pi/projects/node_modules/serialport /root/.npm/3ae71514-projects-node-modules-serialport.lock
47 silly lockFile 45c41783-npm-serialport-7-1-1-package-tgz tar:///root/.npm/serialport/7.1.1/package.tgz
48 verbose lock tar:///root/.npm/serialport/7.1.1/package.tgz /root/.npm/45c41783-npm-serialport-7-1-1-package-tgz.lock
49 silly gunzTarPerm modes [ '755', '644' ]
50 silly gunzTarPerm extractEntry package.json
51 silly gunzTarPerm extractEntry CHANGELOG.md
52 silly gunzTarPerm extractEntry LICENSE
53 silly gunzTarPerm extractEntry README.md
54 silly gunzTarPerm extractEntry test.js
55 silly gunzTarPerm extractEntry lib/index.js
56 silly gunzTarPerm extractEntry lib/parsers.js
57 silly lockFile 3ae71514-projects-node-modules-serialport tar:///home/pi/projects/node_modules/serialport
58 silly lockFile 3ae71514-projects-node-modules-serialport tar:///home/pi/projects/node_modules/serialport
59 silly lockFile 45c41783-npm-serialport-7-1-1-package-tgz tar:///root/.npm/serialport/7.1.1/package.tgz
60 silly lockFile 45c41783-npm-serialport-7-1-1-package-tgz tar:///root/.npm/serialport/7.1.1/package.tgz
61 info preinstall serialport@7.1.1
62 verbose readDependencies using package.json deps
63 verbose readDependencies using package.json deps
64 verbose cache add [ '@serialport/parser-byte-length@^2.0.2', null ]
65 verbose cache add name=undefined spec="@serialport/parser-byte-length@^2.0.2" args=["@serialport/parser-byte-length@^2.0.2",null]
66 verbose parsed url { protocol: null,
66 verbose parsed url   slashes: null,
66 verbose parsed url   auth: null,
66 verbose parsed url   host: null,
66 verbose parsed url   port: null,
66 verbose parsed url   hostname: null,
66 verbose parsed url   hash: null,
66 verbose parsed url   search: null,
66 verbose parsed url   query: null,
66 verbose parsed url   pathname: '@serialport/parser-byte-length@^2.0.2',
66 verbose parsed url   path: '@serialport/parser-byte-length@^2.0.2',
66 verbose parsed url   href: '@serialport/parser-byte-length@^2.0.2' }
67 verbose cache add [ '@serialport/parser-delimiter@^2.0.2', null ]
68 verbose cache add name=undefined spec="@serialport/parser-delimiter@^2.0.2" args=["@serialport/parser-delimiter@^2.0.2",null]
69 verbose parsed url { protocol: null,
69 verbose parsed url   slashes: null,
69 verbose parsed url   auth: null,
69 verbose parsed url   host: null,
69 verbose parsed url   port: null,
69 verbose parsed url   hostname: null,
69 verbose parsed url   hash: null,
69 verbose parsed url   search: null,
69 verbose parsed url   query: null,
69 verbose parsed url   pathname: '@serialport/parser-delimiter@^2.0.2',
69 verbose parsed url   path: '@serialport/parser-delimiter@^2.0.2',
69 verbose parsed url   href: '@serialport/parser-delimiter@^2.0.2' }
70 verbose cache add [ '@serialport/parser-cctalk@^2.0.2', null ]
71 verbose cache add name=undefined spec="@serialport/parser-cctalk@^2.0.2" args=["@serialport/parser-cctalk@^2.0.2",null]
72 verbose parsed url { protocol: null,
72 verbose parsed url   slashes: null,
72 verbose parsed url   auth: null,
72 verbose parsed url   host: null,
72 verbose parsed url   port: null,
72 verbose parsed url   hostname: null,
72 verbose parsed url   hash: null,
72 verbose parsed url   search: null,
72 verbose parsed url   query: null,
72 verbose parsed url   pathname: '@serialport/parser-cctalk@^2.0.2',
72 verbose parsed url   path: '@serialport/parser-cctalk@^2.0.2',
72 verbose parsed url   href: '@serialport/parser-cctalk@^2.0.2' }
73 verbose cache add [ '@serialport/parser-readline@^2.0.2', null ]
74 verbose cache add name=undefined spec="@serialport/parser-readline@^2.0.2" args=["@serialport/parser-readline@^2.0.2",null]
75 verbose parsed url { protocol: null,
75 verbose parsed url   slashes: null,
75 verbose parsed url   auth: null,
75 verbose parsed url   host: null,
75 verbose parsed url   port: null,
75 verbose parsed url   hostname: null,
75 verbose parsed url   hash: null,
75 verbose parsed url   search: null,
75 verbose parsed url   query: null,
75 verbose parsed url   pathname: '@serialport/parser-readline@^2.0.2',
75 verbose parsed url   path: '@serialport/parser-readline@^2.0.2',
75 verbose parsed url   href: '@serialport/parser-readline@^2.0.2' }
76 verbose cache add [ '@serialport/parser-ready@^2.0.2', null ]
77 verbose cache add name=undefined spec="@serialport/parser-ready@^2.0.2" args=["@serialport/parser-ready@^2.0.2",null]
78 verbose parsed url { protocol: null,
78 verbose parsed url   slashes: null,
78 verbose parsed url   auth: null,
78 verbose parsed url   host: null,
78 verbose parsed url   port: null,
78 verbose parsed url   hostname: null,
78 verbose parsed url   hash: null,
78 verbose parsed url   search: null,
78 verbose parsed url   query: null,
78 verbose parsed url   pathname: '@serialport/parser-ready@^2.0.2',
78 verbose parsed url   path: '@serialport/parser-ready@^2.0.2',
78 verbose parsed url   href: '@serialport/parser-ready@^2.0.2' }
79 verbose cache add name="" spec="serialport/parser-byte-length@^2.0.2" args=["","serialport/parser-byte-length@^2.0.2"]
80 verbose parsed url { protocol: null,
80 verbose parsed url   slashes: null,
80 verbose parsed url   auth: null,
80 verbose parsed url   host: null,
80 verbose parsed url   port: null,
80 verbose parsed url   hostname: null,
80 verbose parsed url   hash: null,
80 verbose parsed url   search: null,
80 verbose parsed url   query: null,
80 verbose parsed url   pathname: 'serialport/parser-byte-length@^2.0.2',
80 verbose parsed url   path: 'serialport/parser-byte-length@^2.0.2',
80 verbose parsed url   href: 'serialport/parser-byte-length@^2.0.2' }
81 verbose cache add name="" spec="serialport/parser-delimiter@^2.0.2" args=["","serialport/parser-delimiter@^2.0.2"]
82 verbose parsed url { protocol: null,
82 verbose parsed url   slashes: null,
82 verbose parsed url   auth: null,
82 verbose parsed url   host: null,
82 verbose parsed url   port: null,
82 verbose parsed url   hostname: null,
82 verbose parsed url   hash: null,
82 verbose parsed url   search: null,
82 verbose parsed url   query: null,
82 verbose parsed url   pathname: 'serialport/parser-delimiter@^2.0.2',
82 verbose parsed url   path: 'serialport/parser-delimiter@^2.0.2',
82 verbose parsed url   href: 'serialport/parser-delimiter@^2.0.2' }
83 verbose cache add name="" spec="serialport/parser-cctalk@^2.0.2" args=["","serialport/parser-cctalk@^2.0.2"]
84 verbose parsed url { protocol: null,
84 verbose parsed url   slashes: null,
84 verbose parsed url   auth: null,
84 verbose parsed url   host: null,
84 verbose parsed url   port: null,
84 verbose parsed url   hostname: null,
84 verbose parsed url   hash: null,
84 verbose parsed url   search: null,
84 verbose parsed url   query: null,
84 verbose parsed url   pathname: 'serialport/parser-cctalk@^2.0.2',
84 verbose parsed url   path: 'serialport/parser-cctalk@^2.0.2',
84 verbose parsed url   href: 'serialport/parser-cctalk@^2.0.2' }
85 verbose cache add name="" spec="serialport/parser-readline@^2.0.2" args=["","serialport/parser-readline@^2.0.2"]
86 verbose parsed url { protocol: null,
86 verbose parsed url   slashes: null,
86 verbose parsed url   auth: null,
86 verbose parsed url   host: null,
86 verbose parsed url   port: null,
86 verbose parsed url   hostname: null,
86 verbose parsed url   hash: null,
86 verbose parsed url   search: null,
86 verbose parsed url   query: null,
86 verbose parsed url   pathname: 'serialport/parser-readline@^2.0.2',
86 verbose parsed url   path: 'serialport/parser-readline@^2.0.2',
86 verbose parsed url   href: 'serialport/parser-readline@^2.0.2' }
87 verbose cache add name="" spec="serialport/parser-ready@^2.0.2" args=["","serialport/parser-ready@^2.0.2"]
88 verbose parsed url { protocol: null,
88 verbose parsed url   slashes: null,
88 verbose parsed url   auth: null,
88 verbose parsed url   host: null,
88 verbose parsed url   port: null,
88 verbose parsed url   hostname: null,
88 verbose parsed url   hash: null,
88 verbose parsed url   search: null,
88 verbose parsed url   query: null,
88 verbose parsed url   pathname: 'serialport/parser-ready@^2.0.2',
88 verbose parsed url   path: 'serialport/parser-ready@^2.0.2',
88 verbose parsed url   href: 'serialport/parser-ready@^2.0.2' }
89 verbose cache add [ '@serialport/parser-regex@^2.0.2', null ]
90 verbose cache add name=undefined spec="@serialport/parser-regex@^2.0.2" args=["@serialport/parser-regex@^2.0.2",null]
91 verbose parsed url { protocol: null,
91 verbose parsed url   slashes: null,
91 verbose parsed url   auth: null,
91 verbose parsed url   host: null,
91 verbose parsed url   port: null,
91 verbose parsed url   hostname: null,
91 verbose parsed url   hash: null,
91 verbose parsed url   search: null,
91 verbose parsed url   query: null,
91 verbose parsed url   pathname: '@serialport/parser-regex@^2.0.2',
91 verbose parsed url   path: '@serialport/parser-regex@^2.0.2',
91 verbose parsed url   href: '@serialport/parser-regex@^2.0.2' }
92 verbose cache add [ '@serialport/stream@^2.0.3', null ]
93 verbose cache add name=undefined spec="@serialport/stream@^2.0.3" args=["@serialport/stream@^2.0.3",null]
94 verbose parsed url { protocol: null,
94 verbose parsed url   slashes: null,
94 verbose parsed url   auth: null,
94 verbose parsed url   host: null,
94 verbose parsed url   port: null,
94 verbose parsed url   hostname: null,
94 verbose parsed url   hash: null,
94 verbose parsed url   search: null,
94 verbose parsed url   query: null,
94 verbose parsed url   pathname: '@serialport/stream@^2.0.3',
94 verbose parsed url   path: '@serialport/stream@^2.0.3',
94 verbose parsed url   href: '@serialport/stream@^2.0.3' }
95 verbose cache add [ 'debug@^4.1.0', null ]
96 verbose cache add name=undefined spec="debug@^4.1.0" args=["debug@^4.1.0",null]
97 verbose parsed url { protocol: null,
97 verbose parsed url   slashes: null,
97 verbose parsed url   auth: null,
97 verbose parsed url   host: null,
97 verbose parsed url   port: null,
97 verbose parsed url   hostname: null,
97 verbose parsed url   hash: null,
97 verbose parsed url   search: null,
97 verbose parsed url   query: null,
97 verbose parsed url   pathname: 'debug@^4.1.0',
97 verbose parsed url   path: 'debug@^4.1.0',
97 verbose parsed url   href: 'debug@^4.1.0' }
98 verbose cache add [ '@serialport/binding-mock@^2.0.3', null ]
99 verbose cache add name=undefined spec="@serialport/binding-mock@^2.0.3" args=["@serialport/binding-mock@^2.0.3",null]
100 verbose parsed url { protocol: null,
100 verbose parsed url   slashes: null,
100 verbose parsed url   auth: null,
100 verbose parsed url   host: null,
100 verbose parsed url   port: null,
100 verbose parsed url   hostname: null,
100 verbose parsed url   hash: null,
100 verbose parsed url   search: null,
100 verbose parsed url   query: null,
100 verbose parsed url   pathname: '@serialport/binding-mock@^2.0.3',
100 verbose parsed url   path: '@serialport/binding-mock@^2.0.3',
100 verbose parsed url   href: '@serialport/binding-mock@^2.0.3' }
101 verbose cache add [ '@serialport/bindings@^2.0.4', null ]
102 verbose cache add name=undefined spec="@serialport/bindings@^2.0.4" args=["@serialport/bindings@^2.0.4",null]
103 verbose parsed url { protocol: null,
103 verbose parsed url   slashes: null,
103 verbose parsed url   auth: null,
103 verbose parsed url   host: null,
103 verbose parsed url   port: null,
103 verbose parsed url   hostname: null,
103 verbose parsed url   hash: null,
103 verbose parsed url   search: null,
103 verbose parsed url   query: null,
103 verbose parsed url   pathname: '@serialport/bindings@^2.0.4',
103 verbose parsed url   path: '@serialport/bindings@^2.0.4',
103 verbose parsed url   href: '@serialport/bindings@^2.0.4' }
104 verbose cache add name="serialport/parser-byte-length" spec="^2.0.2" args=["serialport/parser-byte-length","^2.0.2"]
105 verbose parsed url { protocol: null,
105 verbose parsed url   slashes: null,
105 verbose parsed url   auth: null,
105 verbose parsed url   host: null,
105 verbose parsed url   port: null,
105 verbose parsed url   hostname: null,
105 verbose parsed url   hash: null,
105 verbose parsed url   search: null,
105 verbose parsed url   query: null,
105 verbose parsed url   pathname: '^2.0.2',
105 verbose parsed url   path: '^2.0.2',
105 verbose parsed url   href: '^2.0.2' }
106 verbose addNamed [ 'serialport/parser-byte-length', '^2.0.2' ]
107 verbose addNamed [ null, '>=2.0.2-0 <3.0.0-0' ]
108 silly lockFile e14fcc3a-ialport-parser-byte-length-2-0-2 serialport/parser-byte-length@^2.0.2
109 verbose lock serialport/parser-byte-length@^2.0.2 /root/.npm/e14fcc3a-ialport-parser-byte-length-2-0-2.lock
110 verbose cache add name="serialport/parser-delimiter" spec="^2.0.2" args=["serialport/parser-delimiter","^2.0.2"]
111 verbose parsed url { protocol: null,
111 verbose parsed url   slashes: null,
111 verbose parsed url   auth: null,
111 verbose parsed url   host: null,
111 verbose parsed url   port: null,
111 verbose parsed url   hostname: null,
111 verbose parsed url   hash: null,
111 verbose parsed url   search: null,
111 verbose parsed url   query: null,
111 verbose parsed url   pathname: '^2.0.2',
111 verbose parsed url   path: '^2.0.2',
111 verbose parsed url   href: '^2.0.2' }
112 verbose addNamed [ 'serialport/parser-delimiter', '^2.0.2' ]
113 verbose addNamed [ null, '>=2.0.2-0 <3.0.0-0' ]
114 silly lockFile 582ac9e3-erialport-parser-delimiter-2-0-2 serialport/parser-delimiter@^2.0.2
115 verbose lock serialport/parser-delimiter@^2.0.2 /root/.npm/582ac9e3-erialport-parser-delimiter-2-0-2.lock
116 verbose cache add name="serialport/parser-cctalk" spec="^2.0.2" args=["serialport/parser-cctalk","^2.0.2"]
117 verbose parsed url { protocol: null,
117 verbose parsed url   slashes: null,
117 verbose parsed url   auth: null,
117 verbose parsed url   host: null,
117 verbose parsed url   port: null,
117 verbose parsed url   hostname: null,
117 verbose parsed url   hash: null,
117 verbose parsed url   search: null,
117 verbose parsed url   query: null,
117 verbose parsed url   pathname: '^2.0.2',
117 verbose parsed url   path: '^2.0.2',
117 verbose parsed url   href: '^2.0.2' }
118 verbose addNamed [ 'serialport/parser-cctalk', '^2.0.2' ]
119 verbose addNamed [ null, '>=2.0.2-0 <3.0.0-0' ]
120 silly lockFile 19c439e7-serialport-parser-cctalk-2-0-2 serialport/parser-cctalk@^2.0.2
121 verbose lock serialport/parser-cctalk@^2.0.2 /root/.npm/19c439e7-serialport-parser-cctalk-2-0-2.lock
122 verbose cache add name="serialport/parser-readline" spec="^2.0.2" args=["serialport/parser-readline","^2.0.2"]
123 verbose parsed url { protocol: null,
123 verbose parsed url   slashes: null,
123 verbose parsed url   auth: null,
123 verbose parsed url   host: null,
123 verbose parsed url   port: null,
123 verbose parsed url   hostname: null,
123 verbose parsed url   hash: null,
123 verbose parsed url   search: null,
123 verbose parsed url   query: null,
123 verbose parsed url   pathname: '^2.0.2',
123 verbose parsed url   path: '^2.0.2',
123 verbose parsed url   href: '^2.0.2' }
124 verbose addNamed [ 'serialport/parser-readline', '^2.0.2' ]
125 verbose addNamed [ null, '>=2.0.2-0 <3.0.0-0' ]
126 silly lockFile 4111c3f2-serialport-parser-readline-2-0-2 serialport/parser-readline@^2.0.2
127 verbose lock serialport/parser-readline@^2.0.2 /root/.npm/4111c3f2-serialport-parser-readline-2-0-2.lock
128 verbose cache add name="serialport/parser-ready" spec="^2.0.2" args=["serialport/parser-ready","^2.0.2"]
129 verbose parsed url { protocol: null,
129 verbose parsed url   slashes: null,
129 verbose parsed url   auth: null,
129 verbose parsed url   host: null,
129 verbose parsed url   port: null,
129 verbose parsed url   hostname: null,
129 verbose parsed url   hash: null,
129 verbose parsed url   search: null,
129 verbose parsed url   query: null,
129 verbose parsed url   pathname: '^2.0.2',
129 verbose parsed url   path: '^2.0.2',
129 verbose parsed url   href: '^2.0.2' }
130 verbose addNamed [ 'serialport/parser-ready', '^2.0.2' ]
131 verbose addNamed [ null, '>=2.0.2-0 <3.0.0-0' ]
132 silly lockFile cebb05a7-serialport-parser-ready-2-0-2 serialport/parser-ready@^2.0.2
133 verbose lock serialport/parser-ready@^2.0.2 /root/.npm/cebb05a7-serialport-parser-ready-2-0-2.lock
134 verbose cache add name="" spec="serialport/parser-regex@^2.0.2" args=["","serialport/parser-regex@^2.0.2"]
135 verbose parsed url { protocol: null,
135 verbose parsed url   slashes: null,
135 verbose parsed url   auth: null,
135 verbose parsed url   host: null,
135 verbose parsed url   port: null,
135 verbose parsed url   hostname: null,
135 verbose parsed url   hash: null,
135 verbose parsed url   search: null,
135 verbose parsed url   query: null,
135 verbose parsed url   pathname: 'serialport/parser-regex@^2.0.2',
135 verbose parsed url   path: 'serialport/parser-regex@^2.0.2',
135 verbose parsed url   href: 'serialport/parser-regex@^2.0.2' }
136 verbose cache add name="" spec="serialport/stream@^2.0.3" args=["","serialport/stream@^2.0.3"]
137 verbose parsed url { protocol: null,
137 verbose parsed url   slashes: null,
137 verbose parsed url   auth: null,
137 verbose parsed url   host: null,
137 verbose parsed url   port: null,
137 verbose parsed url   hostname: null,
137 verbose parsed url   hash: null,
137 verbose parsed url   search: null,
137 verbose parsed url   query: null,
137 verbose parsed url   pathname: 'serialport/stream@^2.0.3',
137 verbose parsed url   path: 'serialport/stream@^2.0.3',
137 verbose parsed url   href: 'serialport/stream@^2.0.3' }
138 verbose cache add name="debug" spec="^4.1.0" args=["debug","^4.1.0"]
139 verbose parsed url { protocol: null,
139 verbose parsed url   slashes: null,
139 verbose parsed url   auth: null,
139 verbose parsed url   host: null,
139 verbose parsed url   port: null,
139 verbose parsed url   hostname: null,
139 verbose parsed url   hash: null,
139 verbose parsed url   search: null,
139 verbose parsed url   query: null,
139 verbose parsed url   pathname: '^4.1.0',
139 verbose parsed url   path: '^4.1.0',
139 verbose parsed url   href: '^4.1.0' }
140 verbose addNamed [ 'debug', '^4.1.0' ]
141 verbose addNamed [ null, '>=4.1.0-0 <5.0.0-0' ]
142 silly lockFile ab65288b-debug-4-1-0 debug@^4.1.0
143 verbose lock debug@^4.1.0 /root/.npm/ab65288b-debug-4-1-0.lock
144 verbose cache add name="" spec="serialport/binding-mock@^2.0.3" args=["","serialport/binding-mock@^2.0.3"]
145 verbose parsed url { protocol: null,
145 verbose parsed url   slashes: null,
145 verbose parsed url   auth: null,
145 verbose parsed url   host: null,
145 verbose parsed url   port: null,
145 verbose parsed url   hostname: null,
145 verbose parsed url   hash: null,
145 verbose parsed url   search: null,
145 verbose parsed url   query: null,
145 verbose parsed url   pathname: 'serialport/binding-mock@^2.0.3',
145 verbose parsed url   path: 'serialport/binding-mock@^2.0.3',
145 verbose parsed url   href: 'serialport/binding-mock@^2.0.3' }
146 verbose cache add name="" spec="serialport/bindings@^2.0.4" args=["","serialport/bindings@^2.0.4"]
147 verbose parsed url { protocol: null,
147 verbose parsed url   slashes: null,
147 verbose parsed url   auth: null,
147 verbose parsed url   host: null,
147 verbose parsed url   port: null,
147 verbose parsed url   hostname: null,
147 verbose parsed url   hash: null,
147 verbose parsed url   search: null,
147 verbose parsed url   query: null,
147 verbose parsed url   pathname: 'serialport/bindings@^2.0.4',
147 verbose parsed url   path: 'serialport/bindings@^2.0.4',
147 verbose parsed url   href: 'serialport/bindings@^2.0.4' }
148 verbose cache add name="serialport/parser-regex" spec="^2.0.2" args=["serialport/parser-regex","^2.0.2"]
149 verbose parsed url { protocol: null,
149 verbose parsed url   slashes: null,
149 verbose parsed url   auth: null,
149 verbose parsed url   host: null,
149 verbose parsed url   port: null,
149 verbose parsed url   hostname: null,
149 verbose parsed url   hash: null,
149 verbose parsed url   search: null,
149 verbose parsed url   query: null,
149 verbose parsed url   pathname: '^2.0.2',
149 verbose parsed url   path: '^2.0.2',
149 verbose parsed url   href: '^2.0.2' }
150 verbose addNamed [ 'serialport/parser-regex', '^2.0.2' ]
151 verbose addNamed [ null, '>=2.0.2-0 <3.0.0-0' ]
152 silly lockFile 2679f689-serialport-parser-regex-2-0-2 serialport/parser-regex@^2.0.2
153 verbose lock serialport/parser-regex@^2.0.2 /root/.npm/2679f689-serialport-parser-regex-2-0-2.lock
154 verbose cache add name="serialport/stream" spec="^2.0.3" args=["serialport/stream","^2.0.3"]
155 verbose parsed url { protocol: null,
155 verbose parsed url   slashes: null,
155 verbose parsed url   auth: null,
155 verbose parsed url   host: null,
155 verbose parsed url   port: null,
155 verbose parsed url   hostname: null,
155 verbose parsed url   hash: null,
155 verbose parsed url   search: null,
155 verbose parsed url   query: null,
155 verbose parsed url   pathname: '^2.0.3',
155 verbose parsed url   path: '^2.0.3',
155 verbose parsed url   href: '^2.0.3' }
156 verbose addNamed [ 'serialport/stream', '^2.0.3' ]
157 verbose addNamed [ null, '>=2.0.3-0 <3.0.0-0' ]
158 silly lockFile 60671868-serialport-stream-2-0-3 serialport/stream@^2.0.3
159 verbose lock serialport/stream@^2.0.3 /root/.npm/60671868-serialport-stream-2-0-3.lock
160 verbose cache add name="serialport/binding-mock" spec="^2.0.3" args=["serialport/binding-mock","^2.0.3"]
161 verbose parsed url { protocol: null,
161 verbose parsed url   slashes: null,
161 verbose parsed url   auth: null,
161 verbose parsed url   host: null,
161 verbose parsed url   port: null,
161 verbose parsed url   hostname: null,
161 verbose parsed url   hash: null,
161 verbose parsed url   search: null,
161 verbose parsed url   query: null,
161 verbose parsed url   pathname: '^2.0.3',
161 verbose parsed url   path: '^2.0.3',
161 verbose parsed url   href: '^2.0.3' }
162 verbose addNamed [ 'serialport/binding-mock', '^2.0.3' ]
163 verbose addNamed [ null, '>=2.0.3-0 <3.0.0-0' ]
164 silly lockFile 9a9ae2d5-serialport-binding-mock-2-0-3 serialport/binding-mock@^2.0.3
165 verbose lock serialport/binding-mock@^2.0.3 /root/.npm/9a9ae2d5-serialport-binding-mock-2-0-3.lock
166 verbose cache add name="serialport/bindings" spec="^2.0.4" args=["serialport/bindings","^2.0.4"]
167 verbose parsed url { protocol: null,
167 verbose parsed url   slashes: null,
167 verbose parsed url   auth: null,
167 verbose parsed url   host: null,
167 verbose parsed url   port: null,
167 verbose parsed url   hostname: null,
167 verbose parsed url   hash: null,
167 verbose parsed url   search: null,
167 verbose parsed url   query: null,
167 verbose parsed url   pathname: '^2.0.4',
167 verbose parsed url   path: '^2.0.4',
167 verbose parsed url   href: '^2.0.4' }
168 verbose addNamed [ 'serialport/bindings', '^2.0.4' ]
169 verbose addNamed [ null, '>=2.0.4-0 <3.0.0-0' ]
170 silly lockFile 0120dd65-serialport-bindings-2-0-4 serialport/bindings@^2.0.4
171 verbose lock serialport/bindings@^2.0.4 /root/.npm/0120dd65-serialport-bindings-2-0-4.lock
172 silly addNameRange { name: 'serialport/parser-byte-length',
172 silly addNameRange   range: '>=2.0.2-0 <3.0.0-0',
172 silly addNameRange   hasData: false }
173 silly addNameRange { name: 'serialport/parser-delimiter',
173 silly addNameRange   range: '>=2.0.2-0 <3.0.0-0',
173 silly addNameRange   hasData: false }
174 silly addNameRange { name: 'serialport/parser-cctalk',
174 silly addNameRange   range: '>=2.0.2-0 <3.0.0-0',
174 silly addNameRange   hasData: false }
175 silly addNameRange { name: 'serialport/parser-readline',
175 silly addNameRange   range: '>=2.0.2-0 <3.0.0-0',
175 silly addNameRange   hasData: false }
176 silly addNameRange { name: 'serialport/parser-ready',
176 silly addNameRange   range: '>=2.0.2-0 <3.0.0-0',
176 silly addNameRange   hasData: false }
177 silly addNameRange { name: 'debug', range: '>=4.1.0-0 <5.0.0-0', hasData: false }
178 silly addNameRange { name: 'serialport/parser-regex',
178 silly addNameRange   range: '>=2.0.2-0 <3.0.0-0',
178 silly addNameRange   hasData: false }
179 silly addNameRange { name: 'serialport/stream',
179 silly addNameRange   range: '>=2.0.3-0 <3.0.0-0',
179 silly addNameRange   hasData: false }
180 silly addNameRange { name: 'serialport/binding-mock',
180 silly addNameRange   range: '>=2.0.3-0 <3.0.0-0',
180 silly addNameRange   hasData: false }
181 silly addNameRange { name: 'serialport/bindings',
181 silly addNameRange   range: '>=2.0.4-0 <3.0.0-0',
181 silly addNameRange   hasData: false }
182 verbose request where is /serialport/parser-byte-length
183 verbose request registry https://registry.npmjs.org/
184 verbose url raw /serialport/parser-byte-length
185 verbose url resolving [ 'https://registry.npmjs.org/',
185 verbose url resolving   './serialport/parser-byte-length' ]
186 verbose url resolved https://registry.npmjs.org/serialport/parser-byte-length
187 verbose request where is https://registry.npmjs.org/serialport/parser-byte-length
188 info trying registry request attempt 1 at 15:45:50
189 http GET https://registry.npmjs.org/serialport/parser-byte-length
190 verbose request where is /serialport/parser-delimiter
191 verbose request registry https://registry.npmjs.org/
192 verbose url raw /serialport/parser-delimiter
193 verbose url resolving [ 'https://registry.npmjs.org/',
193 verbose url resolving   './serialport/parser-delimiter' ]
194 verbose url resolved https://registry.npmjs.org/serialport/parser-delimiter
195 verbose request where is https://registry.npmjs.org/serialport/parser-delimiter
196 info trying registry request attempt 1 at 15:45:50
197 http GET https://registry.npmjs.org/serialport/parser-delimiter
198 verbose request where is /serialport/parser-cctalk
199 verbose request registry https://registry.npmjs.org/
200 verbose url raw /serialport/parser-cctalk
201 verbose url resolving [ 'https://registry.npmjs.org/', './serialport/parser-cctalk' ]
202 verbose url resolved https://registry.npmjs.org/serialport/parser-cctalk
203 verbose request where is https://registry.npmjs.org/serialport/parser-cctalk
204 info trying registry request attempt 1 at 15:45:50
205 http GET https://registry.npmjs.org/serialport/parser-cctalk
206 verbose request where is /serialport/parser-readline
207 verbose request registry https://registry.npmjs.org/
208 verbose url raw /serialport/parser-readline
209 verbose url resolving [ 'https://registry.npmjs.org/',
209 verbose url resolving   './serialport/parser-readline' ]
210 verbose url resolved https://registry.npmjs.org/serialport/parser-readline
211 verbose request where is https://registry.npmjs.org/serialport/parser-readline
212 info trying registry request attempt 1 at 15:45:50
213 http GET https://registry.npmjs.org/serialport/parser-readline
214 verbose request where is /serialport/parser-ready
215 verbose request registry https://registry.npmjs.org/
216 verbose url raw /serialport/parser-ready
217 verbose url resolving [ 'https://registry.npmjs.org/', './serialport/parser-ready' ]
218 verbose url resolved https://registry.npmjs.org/serialport/parser-ready
219 verbose request where is https://registry.npmjs.org/serialport/parser-ready
220 info trying registry request attempt 1 at 15:45:50
221 http GET https://registry.npmjs.org/serialport/parser-ready
222 verbose request where is /debug
223 verbose request registry https://registry.npmjs.org/
224 verbose url raw /debug
225 verbose url resolving [ 'https://registry.npmjs.org/', './debug' ]
226 verbose url resolved https://registry.npmjs.org/debug
227 verbose request where is https://registry.npmjs.org/debug
228 info trying registry request attempt 1 at 15:45:50
229 verbose etag W/"0a47fdeda4821c3cabdc036d59d85ba1"
230 http GET https://registry.npmjs.org/debug
231 verbose request where is /serialport/parser-regex
232 verbose request registry https://registry.npmjs.org/
233 verbose url raw /serialport/parser-regex
234 verbose url resolving [ 'https://registry.npmjs.org/', './serialport/parser-regex' ]
235 verbose url resolved https://registry.npmjs.org/serialport/parser-regex
236 verbose request where is https://registry.npmjs.org/serialport/parser-regex
237 info trying registry request attempt 1 at 15:45:50
238 http GET https://registry.npmjs.org/serialport/parser-regex
239 verbose request where is /serialport/stream
240 verbose request registry https://registry.npmjs.org/
241 verbose url raw /serialport/stream
242 verbose url resolving [ 'https://registry.npmjs.org/', './serialport/stream' ]
243 verbose url resolved https://registry.npmjs.org/serialport/stream
244 verbose request where is https://registry.npmjs.org/serialport/stream
245 info trying registry request attempt 1 at 15:45:50
246 http GET https://registry.npmjs.org/serialport/stream
247 verbose request where is /serialport/binding-mock
248 verbose request registry https://registry.npmjs.org/
249 verbose url raw /serialport/binding-mock
250 verbose url resolving [ 'https://registry.npmjs.org/', './serialport/binding-mock' ]
251 verbose url resolved https://registry.npmjs.org/serialport/binding-mock
252 verbose request where is https://registry.npmjs.org/serialport/binding-mock
253 info trying registry request attempt 1 at 15:45:50
254 http GET https://registry.npmjs.org/serialport/binding-mock
255 verbose request where is /serialport/bindings
256 verbose request registry https://registry.npmjs.org/
257 verbose url raw /serialport/bindings
258 verbose url resolving [ 'https://registry.npmjs.org/', './serialport/bindings' ]
259 verbose url resolved https://registry.npmjs.org/serialport/bindings
260 verbose request where is https://registry.npmjs.org/serialport/bindings
261 info trying registry request attempt 1 at 15:45:50
262 http GET https://registry.npmjs.org/serialport/bindings
263 http 405 https://registry.npmjs.org/serialport/parser-delimiter
264 silly registry.get cb [ 405,
264 silly registry.get   { date: 'Mon, 07 Jan 2019 21:45:50 GMT',
264 silly registry.get     'content-type': 'application/json',
264 silly registry.get     'content-length': '63',
264 silly registry.get     connection: 'keep-alive',
264 silly registry.get     'set-cookie': [ '__cfduid=d48f553fc82b93e6dd1231e61e3bec8481546897550; expires=Tue, 07-Jan-20 21:45:50 GMT; path=/; domain=.registry.npmjs.org; HttpOnly' ],
264 silly registry.get     allow: 'PUT',
264 silly registry.get     'cf-ray': '49599d1ae95b1fb2-DFW',
264 silly registry.get     'expect-ct': 'max-age=604800, report-uri="https://report-uri.cloudflare.com/cdn-cgi/beacon/expect-ct"',
264 silly registry.get     vary: 'Accept-Encoding',
264 silly registry.get     server: 'cloudflare' } ]
265 http 405 https://registry.npmjs.org/serialport/parser-ready
266 silly registry.get cb [ 405,
266 silly registry.get   { date: 'Mon, 07 Jan 2019 21:45:50 GMT',
266 silly registry.get     'content-type': 'application/json',
266 silly registry.get     'content-length': '63',
266 silly registry.get     connection: 'keep-alive',
266 silly registry.get     'set-cookie': [ '__cfduid=deaa29464aca86a434fd9d230907ac6d21546897550; expires=Tue, 07-Jan-20 21:45:50 GMT; path=/; domain=.registry.npmjs.org; HttpOnly' ],
266 silly registry.get     allow: 'PUT',
266 silly registry.get     'cf-ray': '49599d1aea981fb8-DFW',
266 silly registry.get     'expect-ct': 'max-age=604800, report-uri="https://report-uri.cloudflare.com/cdn-cgi/beacon/expect-ct"',
266 silly registry.get     vary: 'Accept-Encoding',
266 silly registry.get     server: 'cloudflare' } ]
267 http 405 https://registry.npmjs.org/serialport/parser-byte-length
268 silly registry.get cb [ 405,
268 silly registry.get   { date: 'Mon, 07 Jan 2019 21:45:50 GMT',
268 silly registry.get     'content-type': 'application/json',
268 silly registry.get     'content-length': '63',
268 silly registry.get     connection: 'keep-alive',
268 silly registry.get     'set-cookie': [ '__cfduid=da4b8d048ec72f7b87d7066d5b0bc43e41546897550; expires=Tue, 07-Jan-20 21:45:50 GMT; path=/; domain=.registry.npmjs.org; HttpOnly' ],
268 silly registry.get     allow: 'PUT',
268 silly registry.get     'cf-ray': '49599d1aec602036-DFW',
268 silly registry.get     'expect-ct': 'max-age=604800, report-uri="https://report-uri.cloudflare.com/cdn-cgi/beacon/expect-ct"',
268 silly registry.get     vary: 'Accept-Encoding',
268 silly registry.get     server: 'cloudflare' } ]
269 http 405 https://registry.npmjs.org/serialport/parser-readline
270 silly registry.get cb [ 405,
270 silly registry.get   { date: 'Mon, 07 Jan 2019 21:45:50 GMT',
270 silly registry.get     'content-type': 'application/json',
270 silly registry.get     'content-length': '63',
270 silly registry.get     connection: 'keep-alive',
270 silly registry.get     'set-cookie': [ '__cfduid=de101cb7c53b4fa25ce4472c82ac777311546897550; expires=Tue, 07-Jan-20 21:45:50 GMT; path=/; domain=.registry.npmjs.org; HttpOnly' ],
270 silly registry.get     allow: 'PUT',
270 silly registry.get     'cf-ray': '49599d1ada809b44-DFW',
270 silly registry.get     'expect-ct': 'max-age=604800, report-uri="https://report-uri.cloudflare.com/cdn-cgi/beacon/expect-ct"',
270 silly registry.get     vary: 'Accept-Encoding',
270 silly registry.get     server: 'cloudflare' } ]
271 silly lockFile 582ac9e3-erialport-parser-delimiter-2-0-2 serialport/parser-delimiter@^2.0.2
272 silly lockFile 582ac9e3-erialport-parser-delimiter-2-0-2 serialport/parser-delimiter@^2.0.2
273 silly lockFile cebb05a7-serialport-parser-ready-2-0-2 serialport/parser-ready@^2.0.2
274 silly lockFile cebb05a7-serialport-parser-ready-2-0-2 serialport/parser-ready@^2.0.2
275 silly lockFile e14fcc3a-ialport-parser-byte-length-2-0-2 serialport/parser-byte-length@^2.0.2
276 silly lockFile e14fcc3a-ialport-parser-byte-length-2-0-2 serialport/parser-byte-length@^2.0.2
277 silly lockFile 4111c3f2-serialport-parser-readline-2-0-2 serialport/parser-readline@^2.0.2
278 silly lockFile 4111c3f2-serialport-parser-readline-2-0-2 serialport/parser-readline@^2.0.2
279 verbose about to build /home/pi/projects/node_modules/serialport
280 verbose node_modules/serialport unbuild
281 info preuninstall serialport@7.1.1
282 http 304 https://registry.npmjs.org/debug
283 silly registry.get cb [ 304,
283 silly registry.get   { date: 'Mon, 07 Jan 2019 21:45:50 GMT',
283 silly registry.get     connection: 'keep-alive',
283 silly registry.get     'set-cookie': [ '__cfduid=d48f553fc82b93e6dd1231e61e3bec8481546897550; expires=Tue, 07-Jan-20 21:45:50 GMT; path=/; domain=.registry.npmjs.org; HttpOnly' ],
283 silly registry.get     'cf-cache-status': 'HIT',
283 silly registry.get     'cache-control': 'max-age=300',
283 silly registry.get     'cf-ray': '49599d1b99c91fb2-DFW',
283 silly registry.get     etag: '"0a47fdeda4821c3cabdc036d59d85ba1"',
283 silly registry.get     'expect-ct': 'max-age=604800, report-uri="https://report-uri.cloudflare.com/cdn-cgi/beacon/expect-ct"',
283 silly registry.get     'last-modified': 'Wed, 02 Jan 2019 20:03:23 GMT',
283 silly registry.get     vary: 'accept-encoding, accept',
283 silly registry.get     'x-amz-meta-rev': '901-d5a7726a6c12fb5b68b86f9674681f93',
283 silly registry.get     server: 'cloudflare' } ]
284 verbose etag https://registry.npmjs.org/debug from cache
285 info uninstall serialport@7.1.1
286 verbose true,/home/pi/projects/node_modules,/home/pi/projects/node_modules unbuild serialport@7.1.1
287 info postuninstall serialport@7.1.1
288 silly addNameRange number 2 { name: 'debug', range: '>=4.1.0-0 <5.0.0-0', hasData: true }
289 silly addNameRange versions [ 'debug',
289 silly addNameRange   [ '0.0.1',
289 silly addNameRange     '0.1.0',
289 silly addNameRange     '0.2.0',
289 silly addNameRange     '0.3.0',
289 silly addNameRange     '0.4.0',
289 silly addNameRange     '0.4.1',
289 silly addNameRange     '0.5.0',
289 silly addNameRange     '0.6.0',
289 silly addNameRange     '0.7.0',
289 silly addNameRange     '0.7.1',
289 silly addNameRange     '0.7.2',
289 silly addNameRange     '0.7.3',
289 silly addNameRange     '0.7.4',
289 silly addNameRange     '0.8.0',
289 silly addNameRange     '0.8.1',
289 silly addNameRange     '1.0.0',
289 silly addNameRange     '1.0.1',
289 silly addNameRange     '1.0.2',
289 silly addNameRange     '1.0.3',
289 silly addNameRange     '1.0.4',
289 silly addNameRange     '2.0.0',
289 silly addNameRange     '2.1.0',
289 silly addNameRange     '2.1.1',
289 silly addNameRange     '2.1.2',
289 silly addNameRange     '2.1.3',
289 silly addNameRange     '2.2.0',
289 silly addNameRange     '2.3.0',
289 silly addNameRange     '2.3.1',
289 silly addNameRange     '2.3.2',
289 silly addNameRange     '2.3.3',
289 silly addNameRange     '2.4.0',
289 silly addNameRange     '2.4.1',
289 silly addNameRange     '2.4.2',
289 silly addNameRange     '2.4.3',
289 silly addNameRange     '2.4.4',
289 silly addNameRange     '2.4.5',
289 silly addNameRange     '2.5.0',
289 silly addNameRange     '2.5.1',
289 silly addNameRange     '2.5.2',
289 silly addNameRange     '2.6.0',
289 silly addNameRange     '2.6.1',
289 silly addNameRange     '2.6.2',
289 silly addNameRange     '2.6.3',
289 silly addNameRange     '2.6.4',
289 silly addNameRange     '2.6.5',
289 silly addNameRange     '2.6.6',
289 silly addNameRange     '2.6.7',
289 silly addNameRange     '2.6.8',
289 silly addNameRange     '1.0.5',
289 silly addNameRange     '3.0.0',
289 silly addNameRange     '3.0.1',
289 silly addNameRange     '2.6.9',
289 silly addNameRange     '3.1.0',
289 silly addNameRange     '3.2.0',
289 silly addNameRange     '3.2.1',
289 silly addNameRange     '3.2.2',
289 silly addNameRange     '3.2.3',
289 silly addNameRange     '4.0.0',
289 silly addNameRange     '3.2.4',
289 silly addNameRange     '3.2.5',
289 silly addNameRange     '4.0.1',
289 silly addNameRange     '4.1.0',
289 silly addNameRange     '3.2.6',
289 silly addNameRange     '4.1.1' ] ]
290 verbose addNamed [ 'debug', '4.1.1' ]
291 verbose addNamed [ '4.1.1', '4.1.1' ]
292 silly lockFile cfdf5a13-debug-4-1-1 debug@4.1.1
293 verbose lock debug@4.1.1 /root/.npm/cfdf5a13-debug-4-1-1.lock
294 error Error: Method Not Allowed
294 error     at errorResponse (/usr/share/npm/lib/cache/add-named.js:260:10)
294 error     at /usr/share/npm/lib/cache/add-named.js:203:12
294 error     at saved (/usr/share/npm/node_modules/npm-registry-client/lib/get.js:167:7)
294 error     at Object.oncomplete (fs.js:107:15)
295 error If you need help, you may report this *entire* log,
295 error including the npm and node versions, at:
295 error     <http://github.com/npm/npm/issues>
296 error System Linux 4.4.50-v7+
297 error command "/usr/bin/nodejs" "/usr/bin/npm" "install" "serialport"
298 error cwd /home/pi/projects/node
299 error node -v v0.10.29
300 error npm -v 1.4.21
301 error code E405
302 verbose exit [ 1, true ]
